<?xml version="1.0" encoding="UTF-8"?>
<!-- Generated by org.testng.reporters.JUnitReportReporter -->
<testsuite skipped="0" hostname="DESKTOP-1J7GQ29" name="testng.introduction.TestNgTestClass" tests="1" failures="0" timestamp="03 Jun 2017 03:14:53 GMT" time="0.001" errors="0">
  <testcase name="test" time="0.001" classname="testng.introduction.TestNgTestClass"/>
</testsuite> <!-- testng.introduction.TestNgTestClass -->
