<?xml version="1.0" encoding="UTF-8"?>
<!-- Generated by org.testng.reporters.JUnitReportReporter -->
<testsuite skipped="0" hostname="DESKTOP-1J7GQ29" name="testng.listener.TestNG_TestCase" tests="2" failures="0" timestamp="03 Jun 2017 03:14:53 GMT" time="11.452" errors="0">
  <testcase name="testMethod" time="10.553" classname="testng.listener.TestNG_TestCase"/>
  <testcase name="testMethod1" time="0.899" classname="testng.listener.TestNG_TestCase"/>
</testsuite> <!-- testng.listener.TestNG_TestCase -->
