<?xml version="1.0" encoding="UTF-8"?>
<!-- Generated by org.testng.reporters.JUnitReportReporter -->
<testsuite skipped="0" hostname="DESKTOP-1J7GQ29" name="testng.grouping.TestNG_Grouping" tests="4" failures="0" timestamp="03 Jun 2017 03:14:53 GMT" time="0.005" errors="0">
  <testcase name="AudiA6" time="0.001" classname="testng.grouping.TestNG_Grouping"/>
  <testcase name="BMWX3" time="0.001" classname="testng.grouping.TestNG_Grouping"/>
  <testcase name="BMW3Series" time="0.002" classname="testng.grouping.TestNG_Grouping"/>
  <testcase name="HondaAccord" time="0.001" classname="testng.grouping.TestNG_Grouping"/>
</testsuite> <!-- testng.grouping.TestNG_Grouping -->
